# JRE version: OpenJDK Runtime Environment Temurin-21.0.5+11 (21.0.5+11) (build 21.0.5+11-LTS)
# Java VM: OpenJDK 64-Bit Server VM Temurin-21.0.5+11 (21.0.5+11-LTS, mixed mode, sharing, tiered, compressed oops, compressed class ptrs, g1 gc, windows-amd64)
GC Precious Log:
 CardTable entry size: 512
 Card Set container configuration: InlinePtr #cards 5 size 8 Array Of Cards #cards 12 size 40 Howl #buckets 4 coarsen threshold 1843 Howl Bitmap #cards 512 size 80 coarsen threshold 460 Card regions per heap region 1 cards per card region 2048
 CPUs: 12 total, 12 available
 Memory: 7878M
 Large Page Support: Disabled
 NUMA Support: Disabled
 Compressed Oops: Enabled (32-bit)
 Heap Region Size: 1M
 Heap Min Capacity: 8M
 Heap Initial Capacity: 124M
 Heap Max Capacity: 1970M
 Pre-touch: Disabled
 Parallel Workers: 10
 Concurrent Workers: 3
 Concurrent Refinement Workers: 10
 Periodic GC: Disabled
Heap:
 garbage-first heap   total 51200K, used 32003K [0x0000000084e00000, 0x0000000100000000)
  region size 1024K, 20 young (20480K), 0 survivors (0K)
 Metaspace       used 34090K, committed 34688K, reserved 1114112K
  class space    used 4089K, committed 4352K, reserved 1048576K
GC Heap History (20 events):
Event: 0.412 GC heap before
{Heap before GC invocations=0 (full 0):
 garbage-first heap   total 126976K, used 22528K [0x0000000084e00000, 0x0000000100000000)
  region size 1024K, 23 young (23552K), 0 survivors (0K)
 Metaspace       used 5484K, committed 5632K, reserved 1114112K
  class space    used 522K, committed 576K, reserved 1048576K
}
Event: 0.416 GC heap after
{Heap after GC invocations=1 (full 0):
 garbage-first heap   total 126976K, used 4216K [0x0000000084e00000, 0x0000000100000000)
  region size 1024K, 3 young (3072K), 3 survivors (3072K)
 Metaspace       used 5484K, committed 5632K, reserved 1114112K
  class space    used 522K, committed 576K, reserved 1048576K
}
Event: 0.717 GC heap before
{Heap before GC invocations=1 (full 0):
 garbage-first heap   total 126976K, used 35960K [0x0000000084e00000, 0x0000000100000000)
  region size 1024K, 35 young (35840K), 3 survivors (3072K)
 Metaspace       used 9647K, committed 9920K, reserved 1114112K
  class space    used 1056K, committed 1152K, reserved 1048576K
}
Event: 0.721 GC heap after
{Heap after GC invocations=2 (full 0):
 garbage-first heap   total 126976K, used 5717K [0x0000000084e00000, 0x0000000100000000)
  region size 1024K, 2 young (2048K), 2 survivors (2048K)
 Metaspace       used 9647K, committed 9920K, reserved 1114112K
  class space    used 1056K, committed 1152K, reserved 1048576K
}
Event: 1.082 GC heap before
{Heap before GC invocations=2 (full 0):
 garbage-first heap   total 126976K, used 78421K [0x0000000084e00000, 0x0000000100000000)
  region size 1024K, 74 young (75776K), 2 survivors (2048K)
 Metaspace       used 16951K, committed 17216K, reserved 1114112K
  class space    used 1940K, committed 2048K, reserved 1048576K
}
Event: 1.085 GC heap after
{Heap after GC invocations=3 (full 0):
 garbage-first heap   total 126976K, used 8129K [0x0000000084e00000, 0x0000000100000000)
  region size 1024K, 4 young (4096K), 4 survivors (4096K)
 Metaspace       used 16951K, committed 17216K, reserved 1114112K
  class space    used 1940K, committed 2048K, reserved 1048576K
}
Event: 1.460 GC heap before
{Heap before GC invocations=3 (full 0):
 garbage-first heap   total 126976K, used 60353K [0x0000000084e00000, 0x0000000100000000)
  region size 1024K, 56 young (57344K), 4 survivors (4096K)
 Metaspace       used 21189K, committed 21504K, reserved 1114112K
  class space    used 2471K, committed 2624K, reserved 1048576K
}
Event: 1.463 GC heap after
{Heap after GC invocations=4 (full 0):
 garbage-first heap   total 126976K, used 10401K [0x0000000084e00000, 0x0000000100000000)
  region size 1024K, 6 young (6144K), 6 survivors (6144K)
 Metaspace       used 21189K, committed 21504K, reserved 1114112K
  class space    used 2471K, committed 2624K, reserved 1048576K
}
Event: 1.695 GC heap before
{Heap before GC invocations=5 (full 0):
 garbage-first heap   total 37888K, used 37025K [0x0000000084e00000, 0x0000000100000000)
  region size 1024K, 32 young (32768K), 6 survivors (6144K)
 Metaspace       used 23404K, committed 23872K, reserved 1114112K
  class space    used 2753K, committed 2944K, reserved 1048576K
}
Event: 1.699 GC heap after
{Heap after GC invocations=6 (full 0):
 garbage-first heap   total 45056K, used 11323K [0x0000000084e00000, 0x0000000100000000)
  region size 1024K, 6 young (6144K), 6 survivors (6144K)
 Metaspace       used 23404K, committed 23872K, reserved 1114112K
  class space    used 2753K, committed 2944K, reserved 1048576K
}
Event: 1.917 GC heap before
{Heap before GC invocations=6 (full 0):
 garbage-first heap   total 45056K, used 31803K [0x0000000084e00000, 0x0000000100000000)
  region size 1024K, 26 young (26624K), 6 survivors (6144K)
 Metaspace       used 25618K, committed 26112K, reserved 1114112K
  class space    used 3091K, committed 3328K, reserved 1048576K
}
Event: 1.920 GC heap after
{Heap after GC invocations=7 (full 0):
 garbage-first heap   total 45056K, used 12557K [0x0000000084e00000, 0x0000000100000000)
  region size 1024K, 3 young (3072K), 3 survivors (3072K)
 Metaspace       used 25618K, committed 26112K, reserved 1114112K
  class space    used 3091K, committed 3328K, reserved 1048576K
}
Event: 2.095 GC heap before
{Heap before GC invocations=7 (full 0):
 garbage-first heap   total 45056K, used 36109K [0x0000000084e00000, 0x0000000100000000)
  region size 1024K, 26 young (26624K), 3 survivors (3072K)
 Metaspace       used 28059K, committed 28544K, reserved 1114112K
  class space    used 3350K, committed 3584K, reserved 1048576K
}
Event: 2.098 GC heap after
{Heap after GC invocations=8 (full 0):
 garbage-first heap   total 45056K, used 13440K [0x0000000084e00000, 0x0000000100000000)
  region size 1024K, 3 young (3072K), 3 survivors (3072K)
 Metaspace       used 28059K, committed 28544K, reserved 1114112K
  class space    used 3350K, committed 3584K, reserved 1048576K
}
Event: 2.308 GC heap before
{Heap before GC invocations=8 (full 0):
 garbage-first heap   total 45056K, used 36992K [0x0000000084e00000, 0x0000000100000000)
  region size 1024K, 26 young (26624K), 3 survivors (3072K)
 Metaspace       used 30173K, committed 30784K, reserved 1114112K
  class space    used 3627K, committed 3904K, reserved 1048576K
}
Event: 2.311 GC heap after
{Heap after GC invocations=9 (full 0):
 garbage-first heap   total 54272K, used 15387K [0x0000000084e00000, 0x0000000100000000)
  region size 1024K, 3 young (3072K), 3 survivors (3072K)
 Metaspace       used 30173K, committed 30784K, reserved 1114112K
  class space    used 3627K, committed 3904K, reserved 1048576K
}
Event: 5.673 GC heap before
{Heap before GC invocations=9 (full 0):
 garbage-first heap   total 54272K, used 43035K [0x0000000084e00000, 0x0000000100000000)
  region size 1024K, 31 young (31744K), 3 survivors (3072K)
 Metaspace       used 33277K, committed 33856K, reserved 1114112K
  class space    used 4026K, committed 4288K, reserved 1048576K
}
Event: 5.677 GC heap after
{Heap after GC invocations=10 (full 0):
 garbage-first heap   total 54272K, used 16308K [0x0000000084e00000, 0x0000000100000000)
  region size 1024K, 3 young (3072K), 3 survivors (3072K)
 Metaspace       used 33277K, committed 33856K, reserved 1114112K
  class space    used 4026K, committed 4288K, reserved 1048576K
}
Event: 232.585 GC heap before
{Heap before GC invocations=10 (full 0):
 garbage-first heap   total 54272K, used 22452K [0x0000000084e00000, 0x0000000100000000)
  region size 1024K, 10 young (10240K), 3 survivors (3072K)
 Metaspace       used 33753K, committed 34368K, reserved 1114112K
  class space    used 4082K, committed 4352K, reserved 1048576K
}
Event: 232.599 GC heap after
{Heap after GC invocations=11 (full 1):
 garbage-first heap   total 51200K, used 13571K [0x0000000084e00000, 0x0000000100000000)
  region size 1024K, 0 young (0K), 0 survivors (0K)
 Metaspace       used 33753K, committed 34368K, reserved 1114112K
  class space    used 4082K, committed 4352K, reserved 1048576K
}

