# JRE version: OpenJDK Runtime Environment Temurin-21.0.5+11 (21.0.5+11) (build 21.0.5+11-LTS)
# Java VM: OpenJDK 64-Bit Server VM Temurin-21.0.5+11 (21.0.5+11-LTS, mixed mode, sharing, tiered, compressed oops, compressed class ptrs, g1 gc, windows-amd64)
GC Precious Log:
 CardTable entry size: 512
 Card Set container configuration: InlinePtr #cards 5 size 8 Array Of Cards #cards 12 size 40 Howl #buckets 4 coarsen threshold 1843 Howl Bitmap #cards 512 size 80 coarsen threshold 460 Card regions per heap region 1 cards per card region 2048
 CPUs: 12 total, 12 available
 Memory: 7878M
 Large Page Support: Disabled
 NUMA Support: Disabled
 Compressed Oops: Enabled (32-bit)
 Heap Region Size: 1M
 Heap Min Capacity: 8M
 Heap Initial Capacity: 124M
 Heap Max Capacity: 1970M
 Pre-touch: Disabled
 Parallel Workers: 10
 Concurrent Workers: 3
 Concurrent Refinement Workers: 10
 Periodic GC: Disabled
Heap:
 garbage-first heap   total 48128K, used 40560K [0x0000000084e00000, 0x0000000100000000)
  region size 1024K, 28 young (28672K), 3 survivors (3072K)
 Metaspace       used 34540K, committed 35136K, reserved 1114112K
  class space    used 4102K, committed 4352K, reserved 1048576K
GC Heap History (20 events):
Event: 0.677 GC heap after
{Heap after GC invocations=2 (full 0):
 garbage-first heap   total 126976K, used 7375K [0x0000000084e00000, 0x0000000100000000)
  region size 1024K, 2 young (2048K), 2 survivors (2048K)
 Metaspace       used 9171K, committed 9408K, reserved 1114112K
  class space    used 989K, committed 1088K, reserved 1048576K
}
Event: 1.030 GC heap before
{Heap before GC invocations=2 (full 0):
 garbage-first heap   total 126976K, used 80079K [0x0000000084e00000, 0x0000000100000000)
  region size 1024K, 74 young (75776K), 2 survivors (2048K)
 Metaspace       used 16436K, committed 16704K, reserved 1114112K
  class space    used 1874K, committed 1984K, reserved 1048576K
}
Event: 1.033 GC heap after
{Heap after GC invocations=3 (full 0):
 garbage-first heap   total 126976K, used 9378K [0x0000000084e00000, 0x0000000100000000)
  region size 1024K, 4 young (4096K), 4 survivors (4096K)
 Metaspace       used 16436K, committed 16704K, reserved 1114112K
  class space    used 1874K, committed 1984K, reserved 1048576K
}
Event: 1.486 GC heap before
{Heap before GC invocations=3 (full 0):
 garbage-first heap   total 126976K, used 65698K [0x0000000084e00000, 0x0000000100000000)
  region size 1024K, 60 young (61440K), 4 survivors (4096K)
 Metaspace       used 21172K, committed 21504K, reserved 1114112K
  class space    used 2458K, committed 2624K, reserved 1048576K
}
Event: 1.489 GC heap after
{Heap after GC invocations=4 (full 0):
 garbage-first heap   total 126976K, used 11799K [0x0000000084e00000, 0x0000000100000000)
  region size 1024K, 6 young (6144K), 6 survivors (6144K)
 Metaspace       used 21172K, committed 21504K, reserved 1114112K
  class space    used 2458K, committed 2624K, reserved 1048576K
}
Event: 1.753 GC heap before
{Heap before GC invocations=5 (full 0):
 garbage-first heap   total 40960K, used 40471K [0x0000000084e00000, 0x0000000100000000)
  region size 1024K, 34 young (34816K), 6 survivors (6144K)
 Metaspace       used 23489K, committed 23872K, reserved 1114112K
  class space    used 2765K, committed 2944K, reserved 1048576K
}
Event: 1.757 GC heap after
{Heap after GC invocations=6 (full 0):
 garbage-first heap   total 48128K, used 13044K [0x0000000084e00000, 0x0000000100000000)
  region size 1024K, 6 young (6144K), 6 survivors (6144K)
 Metaspace       used 23489K, committed 23872K, reserved 1114112K
  class space    used 2765K, committed 2944K, reserved 1048576K
}
Event: 1.972 GC heap before
{Heap before GC invocations=6 (full 0):
 garbage-first heap   total 48128K, used 35572K [0x0000000084e00000, 0x0000000100000000)
  region size 1024K, 28 young (28672K), 6 survivors (6144K)
 Metaspace       used 25893K, committed 26368K, reserved 1114112K
  class space    used 3106K, committed 3328K, reserved 1048576K
}
Event: 1.975 GC heap after
{Heap after GC invocations=7 (full 0):
 garbage-first heap   total 48128K, used 14392K [0x0000000084e00000, 0x0000000100000000)
  region size 1024K, 3 young (3072K), 3 survivors (3072K)
 Metaspace       used 25893K, committed 26368K, reserved 1114112K
  class space    used 3106K, committed 3328K, reserved 1048576K
}
Event: 2.187 GC heap before
{Heap before GC invocations=7 (full 0):
 garbage-first heap   total 48128K, used 39992K [0x0000000084e00000, 0x0000000100000000)
  region size 1024K, 28 young (28672K), 3 survivors (3072K)
 Metaspace       used 28330K, committed 28928K, reserved 1114112K
  class space    used 3384K, committed 3648K, reserved 1048576K
}
Event: 2.189 GC heap after
{Heap after GC invocations=8 (full 0):
 garbage-first heap   total 48128K, used 15714K [0x0000000084e00000, 0x0000000100000000)
  region size 1024K, 3 young (3072K), 3 survivors (3072K)
 Metaspace       used 28330K, committed 28928K, reserved 1114112K
  class space    used 3384K, committed 3648K, reserved 1048576K
}
Event: 2.421 GC heap before
{Heap before GC invocations=8 (full 0):
 garbage-first heap   total 48128K, used 41314K [0x0000000084e00000, 0x0000000100000000)
  region size 1024K, 28 young (28672K), 3 survivors (3072K)
 Metaspace       used 30589K, committed 31168K, reserved 1114112K
  class space    used 3669K, committed 3904K, reserved 1048576K
}
Event: 2.423 GC heap after
{Heap after GC invocations=9 (full 0):
 garbage-first heap   total 48128K, used 17171K [0x0000000084e00000, 0x0000000100000000)
  region size 1024K, 3 young (3072K), 3 survivors (3072K)
 Metaspace       used 30589K, committed 31168K, reserved 1114112K
  class space    used 3669K, committed 3904K, reserved 1048576K
}
Event: 6.704 GC heap before
{Heap before GC invocations=9 (full 0):
 garbage-first heap   total 48128K, used 39699K [0x0000000084e00000, 0x0000000100000000)
  region size 1024K, 26 young (26624K), 3 survivors (3072K)
 Metaspace       used 33356K, committed 33920K, reserved 1114112K
  class space    used 4027K, committed 4288K, reserved 1048576K
}
Event: 6.708 GC heap after
{Heap after GC invocations=10 (full 0):
 garbage-first heap   total 48128K, used 18128K [0x0000000084e00000, 0x0000000100000000)
  region size 1024K, 3 young (3072K), 3 survivors (3072K)
 Metaspace       used 33356K, committed 33920K, reserved 1114112K
  class space    used 4027K, committed 4288K, reserved 1048576K
}
Event: 1678.822 GC heap before
{Heap before GC invocations=10 (full 0):
 garbage-first heap   total 48128K, used 40656K [0x0000000084e00000, 0x0000000100000000)
  region size 1024K, 25 young (25600K), 3 survivors (3072K)
 Metaspace       used 33656K, committed 34176K, reserved 1114112K
  class space    used 4040K, committed 4288K, reserved 1048576K
}
Event: 1678.829 GC heap after
{Heap after GC invocations=11 (full 0):
 garbage-first heap   total 48128K, used 18068K [0x0000000084e00000, 0x0000000100000000)
  region size 1024K, 1 young (1024K), 1 survivors (1024K)
 Metaspace       used 33656K, committed 34176K, reserved 1114112K
  class space    used 4040K, committed 4288K, reserved 1048576K
}
Event: 2131.470 GC heap before
{Heap before GC invocations=11 (full 0):
 garbage-first heap   total 48128K, used 25236K [0x0000000084e00000, 0x0000000100000000)
  region size 1024K, 9 young (9216K), 1 survivors (1024K)
 Metaspace       used 33855K, committed 34432K, reserved 1114112K
  class space    used 4073K, committed 4352K, reserved 1048576K
}
Event: 2131.491 GC heap after
{Heap after GC invocations=12 (full 1):
 garbage-first heap   total 48128K, used 14960K [0x0000000084e00000, 0x0000000100000000)
  region size 1024K, 0 young (0K), 0 survivors (0K)
 Metaspace       used 33855K, committed 34432K, reserved 1114112K
  class space    used 4073K, committed 4352K, reserved 1048576K
}
Event: 15509.796 GC heap before
{Heap before GC invocations=12 (full 1):
 garbage-first heap   total 48128K, used 40560K [0x0000000084e00000, 0x0000000100000000)
  region size 1024K, 25 young (25600K), 0 survivors (0K)
 Metaspace       used 34540K, committed 35136K, reserved 1114112K
  class space    used 4102K, committed 4352K, reserved 1048576K
}

