# JRE version: OpenJDK Runtime Environment Temurin-21.0.5+11 (21.0.5+11) (build 21.0.5+11-LTS)
# Java VM: OpenJDK 64-Bit Server VM Temurin-21.0.5+11 (21.0.5+11-LTS, mixed mode, sharing, tiered, compressed oops, compressed class ptrs, g1 gc, windows-amd64)
GC Precious Log:
 CardTable entry size: 512
 Card Set container configuration: InlinePtr #cards 5 size 8 Array Of Cards #cards 12 size 40 Howl #buckets 4 coarsen threshold 1843 Howl Bitmap #cards 512 size 80 coarsen threshold 460 Card regions per heap region 1 cards per card region 2048
 CPUs: 12 total, 12 available
 Memory: 7878M
 Large Page Support: Disabled
 NUMA Support: Disabled
 Compressed Oops: Enabled (32-bit)
 Heap Region Size: 1M
 Heap Min Capacity: 8M
 Heap Initial Capacity: 124M
 Heap Max Capacity: 1970M
 Pre-touch: Disabled
 Parallel Workers: 10
 Concurrent Workers: 3
 Concurrent Refinement Workers: 10
 Periodic GC: Disabled
Heap:
 garbage-first heap   total 48128K, used 32039K [0x0000000084e00000, 0x0000000100000000)
  region size 1024K, 20 young (20480K), 0 survivors (0K)
 Metaspace       used 34893K, committed 35456K, reserved 1114112K
  class space    used 4099K, committed 4352K, reserved 1048576K
GC Heap History (20 events):
Event: 1.428 GC heap before
{Heap before GC invocations=3 (full 0):
 garbage-first heap   total 126976K, used 59887K [0x0000000084e00000, 0x0000000100000000)
  region size 1024K, 56 young (57344K), 4 survivors (4096K)
 Metaspace       used 21219K, committed 21504K, reserved 1114112K
  class space    used 2475K, committed 2624K, reserved 1048576K
}
Event: 1.432 GC heap after
{Heap after GC invocations=4 (full 0):
 garbage-first heap   total 126976K, used 10248K [0x0000000084e00000, 0x0000000100000000)
  region size 1024K, 6 young (6144K), 6 survivors (6144K)
 Metaspace       used 21219K, committed 21504K, reserved 1114112K
  class space    used 2475K, committed 2624K, reserved 1048576K
}
Event: 1.687 GC heap before
{Heap before GC invocations=5 (full 0):
 garbage-first heap   total 37888K, used 36872K [0x0000000084e00000, 0x0000000100000000)
  region size 1024K, 32 young (32768K), 6 survivors (6144K)
 Metaspace       used 23448K, committed 23872K, reserved 1114112K
  class space    used 2762K, committed 2944K, reserved 1048576K
}
Event: 1.691 GC heap after
{Heap after GC invocations=6 (full 0):
 garbage-first heap   total 46080K, used 10999K [0x0000000084e00000, 0x0000000100000000)
  region size 1024K, 6 young (6144K), 6 survivors (6144K)
 Metaspace       used 23448K, committed 23872K, reserved 1114112K
  class space    used 2762K, committed 2944K, reserved 1048576K
}
Event: 1.920 GC heap before
{Heap before GC invocations=6 (full 0):
 garbage-first heap   total 46080K, used 32503K [0x0000000084e00000, 0x0000000100000000)
  region size 1024K, 27 young (27648K), 6 survivors (6144K)
 Metaspace       used 25758K, committed 26240K, reserved 1114112K
  class space    used 3102K, committed 3328K, reserved 1048576K
}
Event: 1.924 GC heap after
{Heap after GC invocations=7 (full 0):
 garbage-first heap   total 46080K, used 12413K [0x0000000084e00000, 0x0000000100000000)
  region size 1024K, 3 young (3072K), 3 survivors (3072K)
 Metaspace       used 25758K, committed 26240K, reserved 1114112K
  class space    used 3102K, committed 3328K, reserved 1048576K
}
Event: 2.141 GC heap before
{Heap before GC invocations=7 (full 0):
 garbage-first heap   total 46080K, used 35965K [0x0000000084e00000, 0x0000000100000000)
  region size 1024K, 27 young (27648K), 3 survivors (3072K)
 Metaspace       used 28269K, committed 28800K, reserved 1114112K
  class space    used 3381K, committed 3648K, reserved 1048576K
}
Event: 2.143 GC heap after
{Heap after GC invocations=8 (full 0):
 garbage-first heap   total 46080K, used 13385K [0x0000000084e00000, 0x0000000100000000)
  region size 1024K, 3 young (3072K), 3 survivors (3072K)
 Metaspace       used 28269K, committed 28800K, reserved 1114112K
  class space    used 3381K, committed 3648K, reserved 1048576K
}
Event: 2.356 GC heap before
{Heap before GC invocations=8 (full 0):
 garbage-first heap   total 46080K, used 37961K [0x0000000084e00000, 0x0000000100000000)
  region size 1024K, 27 young (27648K), 3 survivors (3072K)
 Metaspace       used 30492K, committed 31040K, reserved 1114112K
  class space    used 3666K, committed 3904K, reserved 1048576K
}
Event: 2.358 GC heap after
{Heap after GC invocations=9 (full 0):
 garbage-first heap   total 55296K, used 14743K [0x0000000084e00000, 0x0000000100000000)
  region size 1024K, 3 young (3072K), 3 survivors (3072K)
 Metaspace       used 30492K, committed 31040K, reserved 1114112K
  class space    used 3666K, committed 3904K, reserved 1048576K
}
Event: 131.653 GC heap before
{Heap before GC invocations=9 (full 0):
 garbage-first heap   total 55296K, used 42391K [0x0000000084e00000, 0x0000000100000000)
  region size 1024K, 32 young (32768K), 3 survivors (3072K)
 Metaspace       used 33775K, committed 34368K, reserved 1114112K
  class space    used 4084K, committed 4352K, reserved 1048576K
}
Event: 131.670 GC heap after
{Heap after GC invocations=10 (full 1):
 garbage-first heap   total 48128K, used 13486K [0x0000000084e00000, 0x0000000100000000)
  region size 1024K, 0 young (0K), 0 survivors (0K)
 Metaspace       used 33775K, committed 34368K, reserved 1114112K
  class space    used 4084K, committed 4352K, reserved 1048576K
}
Event: 199.010 GC heap before
{Heap before GC invocations=10 (full 1):
 garbage-first heap   total 48128K, used 40110K [0x0000000084e00000, 0x0000000100000000)
  region size 1024K, 27 young (27648K), 0 survivors (0K)
 Metaspace       used 34196K, committed 34752K, reserved 1114112K
  class space    used 4090K, committed 4352K, reserved 1048576K
}
Event: 199.013 GC heap after
{Heap after GC invocations=11 (full 1):
 garbage-first heap   total 48128K, used 16134K [0x0000000084e00000, 0x0000000100000000)
  region size 1024K, 3 young (3072K), 3 survivors (3072K)
 Metaspace       used 34196K, committed 34752K, reserved 1114112K
  class space    used 4090K, committed 4352K, reserved 1048576K
}
Event: 244.790 GC heap before
{Heap before GC invocations=11 (full 1):
 garbage-first heap   total 48128K, used 17158K [0x0000000084e00000, 0x0000000100000000)
  region size 1024K, 5 young (5120K), 3 survivors (3072K)
 Metaspace       used 34239K, committed 34816K, reserved 1114112K
  class space    used 4092K, committed 4352K, reserved 1048576K
}
Event: 244.809 GC heap after
{Heap after GC invocations=12 (full 2):
 garbage-first heap   total 48128K, used 13567K [0x0000000084e00000, 0x0000000100000000)
  region size 1024K, 0 young (0K), 0 survivors (0K)
 Metaspace       used 34236K, committed 34816K, reserved 1114112K
  class space    used 4091K, committed 4352K, reserved 1048576K
}
Event: 308.965 GC heap before
{Heap before GC invocations=12 (full 2):
 garbage-first heap   total 48128K, used 39167K [0x0000000084e00000, 0x0000000100000000)
  region size 1024K, 26 young (26624K), 0 survivors (0K)
 Metaspace       used 34633K, committed 35200K, reserved 1114112K
  class space    used 4095K, committed 4352K, reserved 1048576K
}
Event: 308.971 GC heap after
{Heap after GC invocations=13 (full 2):
 garbage-first heap   total 48128K, used 16127K [0x0000000084e00000, 0x0000000100000000)
  region size 1024K, 3 young (3072K), 3 survivors (3072K)
 Metaspace       used 34633K, committed 35200K, reserved 1114112K
  class space    used 4095K, committed 4352K, reserved 1048576K
}
Event: 391.458 GC heap before
{Heap before GC invocations=13 (full 2):
 garbage-first heap   total 48128K, used 17151K [0x0000000084e00000, 0x0000000100000000)
  region size 1024K, 5 young (5120K), 3 survivors (3072K)
 Metaspace       used 34676K, committed 35264K, reserved 1114112K
  class space    used 4096K, committed 4352K, reserved 1048576K
}
Event: 391.476 GC heap after
{Heap after GC invocations=14 (full 3):
 garbage-first heap   total 48128K, used 13607K [0x0000000084e00000, 0x0000000100000000)
  region size 1024K, 0 young (0K), 0 survivors (0K)
 Metaspace       used 34673K, committed 35264K, reserved 1114112K
  class space    used 4096K, committed 4352K, reserved 1048576K
}

